<?xml version="1.0" encoding="UTF-8"?>
<!-- Generated by org.testng.reporters.JUnitXMLReporter -->
<testsuite ignored="0" hostname="Shambu" failures="0" tests="3" name="AllTests" time="12.175" errors="0" timestamp="2026-05-17T17:30:38 IST">
  <testcase classname="tests.SampleTest" name="verifyTitle" time="0.029"/>
  <testcase classname="tests.LoginTest" name="loginTest" time="1.897"/>
  <testcase classname="tests.ProductTest" name="verifyProductAddToCart" time="1.204"/>
</testsuite> <!-- AllTests -->
