<?xml version="1.0" encoding="UTF-8"?>
<!-- Generated by org.testng.reporters.JUnitXMLReporter -->
<testsuite ignored="0" hostname="Shambu" failures="0" tests="3" name="AllTests" time="20.782" errors="0" timestamp="2026-05-17T19:04:00 IST">
  <testcase classname="tests.SampleTest" name="verifyTitle" time="0.043"/>
  <testcase classname="tests.LoginTest" name="loginTest" time="3.347"/>
  <testcase classname="tests.ProductTest" name="verifyProductAddToCart" time="0.856"/>
</testsuite> <!-- AllTests -->
