<?xml version="1.0" encoding="UTF-8"?>
<!-- Generated by org.testng.reporters.JUnitXMLReporter -->
<testsuite ignored="0" hostname="Shambu" failures="1" tests="1" name="SmokeTest" time="19.902" errors="0" timestamp="2026-05-10T21:20:20 IST">
  <testcase classname="tests.SampleTest" name="verifyTitle" time="0.044">
    <failure type="java.lang.AssertionError" message="expected [true] but found [false]">
      <![CDATA[java.lang.AssertionError: expected [true] but found [false]
at tests.SampleTest.verifyTitle(SampleTest.java:19)
at java.base/java.util.ArrayList.forEach(ArrayList.java:1511)
... Removed 31 stack frames]]>
    </failure>
  </testcase> <!-- verifyTitle -->
</testsuite> <!-- SmokeTest -->
