<?xml version="1.0" encoding="UTF-8"?>
<!-- Generated by org.testng.reporters.JUnitXMLReporter -->
<testsuite ignored="0" hostname="Shambu" failures="0" tests="4" name="Tests" time="31.842" errors="0" timestamp="2026-06-09T11:09:25 IST">
  <testcase classname="tests.LoginTest" name="loginTest" time="2.083"/>
  <testcase classname="tests.SearchTest" name="searchTest" time="0.003"/>
  <testcase classname="tests.LogoutTest" name="logoutTest" time="0.001"/>
  <testcase classname="tests.CheckoutTest" name="checkoutTest" time="0.001"/>
</testsuite> <!-- Tests -->
