<?xml version="1.0" encoding="UTF-8"?>
<testng-results ignored="0" total="1" passed="1" failed="0" skipped="0">
  <reporter-output>
  </reporter-output>
  <suite started-at="2026-06-25T19:06:22 IST" name="Default suite" finished-at="2026-06-25T19:07:22 IST" duration-ms="60243">
    <groups>
    </groups>
    <test started-at="2026-06-25T19:06:22 IST" name="Default test" finished-at="2026-06-25T19:07:22 IST" duration-ms="60243">
      <class name="tests.LoginTest">
        <test-method is-config="true" signature="setup()[pri:0, instance:tests.LoginTest@557caf28]" started-at="2026-06-25T19:06:22 IST" name="setup" finished-at="2026-06-25T19:07:18 IST" duration-ms="56297" status="PASS">
          <reporter-output>
          </reporter-output>
        </test-method> <!-- setup -->
        <test-method signature="loginTest()[pri:0, instance:tests.LoginTest@557caf28]" started-at="2026-06-25T19:07:18 IST" name="loginTest" finished-at="2026-06-25T19:07:21 IST" duration-ms="3355" status="PASS">
          <reporter-output>
          </reporter-output>
        </test-method> <!-- loginTest -->
        <test-method is-config="true" signature="tearDown()[pri:0, instance:tests.LoginTest@557caf28]" started-at="2026-06-25T19:07:21 IST" name="tearDown" finished-at="2026-06-25T19:07:22 IST" duration-ms="515" status="PASS">
          <reporter-output>
          </reporter-output>
        </test-method> <!-- tearDown -->
      </class> <!-- tests.LoginTest -->
    </test> <!-- Default test -->
  </suite> <!-- Default suite -->
</testng-results>
