<?xml version="1.0" encoding="UTF-8"?>
<testng-results ignored="0" total="3" passed="3" failed="0" skipped="0">
  <reporter-output>
  </reporter-output>
  <suite started-at="2026-05-17T17:30:26 IST" name="EcommerceSuite" finished-at="2026-05-17T17:30:38 IST" duration-ms="12175">
    <groups>
    </groups>
    <test started-at="2026-05-17T17:30:26 IST" name="AllTests" finished-at="2026-05-17T17:30:38 IST" duration-ms="12175">
      <class name="tests.LoginTest">
        <test-method is-config="true" signature="setup()[pri:0, instance:tests.LoginTest@4116aac9]" started-at="2026-05-17T17:30:30 IST" name="setup" finished-at="2026-05-17T17:30:32 IST" duration-ms="2101" status="PASS">
          <reporter-output>
          </reporter-output>
        </test-method> <!-- setup -->
        <test-method signature="loginTest()[pri:0, instance:tests.LoginTest@4116aac9]" started-at="2026-05-17T17:30:32 IST" name="loginTest" finished-at="2026-05-17T17:30:34 IST" duration-ms="1897" status="PASS">
          <reporter-output>
          </reporter-output>
        </test-method> <!-- loginTest -->
        <test-method is-config="true" signature="tearDown()[pri:0, instance:tests.LoginTest@4116aac9]" started-at="2026-05-17T17:30:34 IST" name="tearDown" finished-at="2026-05-17T17:30:34 IST" duration-ms="302" status="PASS">
          <reporter-output>
          </reporter-output>
        </test-method> <!-- tearDown -->
      </class> <!-- tests.LoginTest -->
      <class name="tests.SampleTest">
        <test-method is-config="true" signature="setup()[pri:0, instance:tests.SampleTest@c730b35]" started-at="2026-05-17T17:30:26 IST" name="setup" finished-at="2026-05-17T17:30:30 IST" duration-ms="3675" status="PASS">
          <reporter-output>
          </reporter-output>
        </test-method> <!-- setup -->
        <test-method signature="verifyTitle()[pri:0, instance:tests.SampleTest@c730b35]" started-at="2026-05-17T17:30:30 IST" name="verifyTitle" finished-at="2026-05-17T17:30:30 IST" duration-ms="29" status="PASS">
          <reporter-output>
          </reporter-output>
        </test-method> <!-- verifyTitle -->
        <test-method is-config="true" signature="tearDown()[pri:0, instance:tests.SampleTest@c730b35]" started-at="2026-05-17T17:30:30 IST" name="tearDown" finished-at="2026-05-17T17:30:30 IST" duration-ms="336" status="PASS">
          <reporter-output>
          </reporter-output>
        </test-method> <!-- tearDown -->
      </class> <!-- tests.SampleTest -->
      <class name="tests.ProductTest">
        <test-method is-config="true" signature="setup()[pri:0, instance:tests.ProductTest@62ddbd7e]" started-at="2026-05-17T17:30:34 IST" name="setup" finished-at="2026-05-17T17:30:37 IST" duration-ms="2222" status="PASS">
          <reporter-output>
          </reporter-output>
        </test-method> <!-- setup -->
        <test-method signature="verifyProductAddToCart()[pri:0, instance:tests.ProductTest@62ddbd7e]" started-at="2026-05-17T17:30:37 IST" name="verifyProductAddToCart" finished-at="2026-05-17T17:30:38 IST" duration-ms="1204" status="PASS">
          <reporter-output>
          </reporter-output>
        </test-method> <!-- verifyProductAddToCart -->
        <test-method is-config="true" signature="tearDown()[pri:0, instance:tests.ProductTest@62ddbd7e]" started-at="2026-05-17T17:30:38 IST" name="tearDown" finished-at="2026-05-17T17:30:38 IST" duration-ms="344" status="PASS">
          <reporter-output>
          </reporter-output>
        </test-method> <!-- tearDown -->
      </class> <!-- tests.ProductTest -->
    </test> <!-- AllTests -->
  </suite> <!-- EcommerceSuite -->
</testng-results>
